This is LuaTeX, Version 1.07.0 (MiKTeX 2.9.6840 64-bit)  (format=lualatex 2018.11.7)  10 NOV 2018 11:57
 restricted system commands enabled.
**Report.tex
(./Report.tex
LaTeX2e <2018-04-01> patch level 5
Lua module: luaotfload-main 2018-10-28 2.93 luaotfload entry point
Lua module: luaotfload-init 2018-10-28 2.93 luaotfload submodule / initializatio
n
Lua module: lualibs 2018-10-18 2.61 ConTeXt Lua standard libraries.
Lua module: lualibs-extended 2018-10-18 2.61 ConTeXt Lua libraries -- extended c
ollection.
Lua module: luaotfload-log 2018-10-28 2.93 luaotfload submodule / logging
Lua module: luaotfload-parsers 2018-10-28 2.93 luaotfload submodule / filelist
Lua module: luaotfload-configuration 2018-10-28 2.93 luaotfload submodule / conf
ig file reader
luaotfload | conf : Root cache directory is C:/Users/hienn/AppData/Local/MiKTeX/
2.9/luatex-cache/generic/names.
luaotfload | init : Loading fontloader “fontloader-2018-10-28.lua” from kpse
-resolved path “C:/Program Files/MiKTeX 2.9/tex/luatex/luaotfload/fontloader-2
018-10-28.lua”.
Lua-only attribute luaotfload@state = 1
Lua-only attribute luaotfload@noligature = 2
Lua-only attribute luaotfload@syllabe = 3
luaotfload | init : Context OpenType loader version “3.106”
Inserting `luaotfload.node_processor' at position 1 in `pre_linebreak_filter'.
Inserting `luaotfload.node_processor' at position 1 in `hpack_filter'.
Lua module: luaotfload-loaders 2018-10-28 2.93 luaotfload submodule / callback h
andling
Inserting `luaotfload.define_font' at position 1 in `define_font'.
Lua module: luaotfload-database 2018-10-28 2.93 luaotfload submodule / database
Lua module: luaotfload-colors 2018-10-28 2.93 luaotfload submodule / color
Lua-only attribute luaotfload_color_attribute = 4
Lua module: luaotfload-resolvers 2018-10-28 2.93 luaotfload submodule / resolver
s
luaotfload | conf : Root cache directory is C:/Users/hienn/AppData/Local/MiKTeX/
2.9/luatex-cache/generic/names.
Lua module: luaotfload-features 2018-10-28 2.93 luaotfload submodule / features
Lua module: luaotfload-letterspace 2018-10-28 2.93 luaotfload submodule / color
Lua module: luaotfload-auxiliary 2018-10-28 2.93 luaotfload submodule / auxiliar
y functions
Inserting `luaotfload.aux.set_sscale_dimens' at position 1 in `luaotfload.patch_
font'.
Inserting `luaotfload.aux.patch_cambria_domh' at position 2 in `luaotfload.patch
_font'.
Inserting `luaotfload.aux.fixup_fontdata' at position 1 in `luaotfload.patch_fon
t_unsafe'.
Inserting `luaotfload.aux.set_capheight' at position 3 in `luaotfload.patch_font
'.
Inserting `luaotfload.rewrite_fontname' at position 4 in `luaotfload.patch_font'
.
luaotfload | main : initialization completed in 0.722 seconds
("C:/Program Files/MiKTeX 2.9/tex/latex/base/article.cls"
Document Class: article 2014/09/29 v1.4h Standard LaTeX document class
("C:/Program Files/MiKTeX 2.9/tex/latex/base/size10.clo"
File: size10.clo 2014/09/29 v1.4h Standard LaTeX file (size option)
luaotfload | db : Font names database loaded from C:/Users/hienn/AppData/Local/M
iKTeX/2.9/luatex-cache/generic/names/luaotfload-names.luc)
\c@part=\count80
\c@section=\count81
\c@subsection=\count82
\c@subsubsection=\count83
\c@paragraph=\count84
\c@subparagraph=\count85
\c@figure=\count86
\c@table=\count87
\abovecaptionskip=\skip41
\belowcaptionskip=\skip42
\bibindent=\dimen102
)
("C:/Program Files/MiKTeX 2.9/tex/latex/base/inputenc.sty"
Package: inputenc 2018/04/06 v1.3b Input encoding file
\inpenc@prehook=\toks14
\inpenc@posthook=\toks15


Package inputenc Warning: inputenc package ignored with utf8 based engines.

) ("C:/Program Files/MiKTeX 2.9/tex/latex/a4wide/a4wide.sty"
Package: a4wide 1994/08/30

("C:/Program Files/MiKTeX 2.9/tex/latex/ntgclass/a4.sty"
Package: a4 2004/04/15 v1.2g A4 based page layout
))
("C:/Program Files/MiKTeX 2.9/tex/latex/graphics/epsfig.sty"
Package: epsfig 2017/06/25 v1.7b (e)psfig emulation (SPQR)

("C:/Program Files/MiKTeX 2.9/tex/latex/graphics/graphicx.sty"
Package: graphicx 2017/06/01 v1.1a Enhanced LaTeX Graphics (DPC,SPQR)

("C:/Program Files/MiKTeX 2.9/tex/latex/graphics/keyval.sty"
Package: keyval 2014/10/28 v1.15 key=value parser (DPC)
\KV@toks@=\toks16
)
("C:/Program Files/MiKTeX 2.9/tex/latex/graphics/graphics.sty"
Package: graphics 2017/06/25 v1.2c Standard LaTeX Graphics (DPC,SPQR)

("C:/Program Files/MiKTeX 2.9/tex/latex/graphics/trig.sty"
Package: trig 2016/01/03 v1.10 sin cos tan (DPC)
)
("C:/Program Files/MiKTeX 2.9/tex/latex/graphics-cfg/graphics.cfg"
File: graphics.cfg 2016/06/04 v1.11 sample graphics configuration
)
Package graphics Info: Driver file: luatex.def on input line 99.

("C:/Program Files/MiKTeX 2.9/tex/latex/graphics-def/luatex.def"
File: luatex.def 2018/01/08 v1.0l Graphics/color driver for luatex
))
\Gin@req@height=\dimen103
\Gin@req@width=\dimen104
)
\epsfxsize=\dimen105
\epsfysize=\dimen106
)
("C:/Program Files/MiKTeX 2.9/tex/latex/base/latexsym.sty"
Package: latexsym 1998/08/17 v2.2e Standard LaTeX package (lasy symbols)
\symlasy=\mathgroup4
LaTeX Font Info:    Overwriting symbol font `lasy' in version `bold'
(Font)                  U/lasy/m/n --> U/lasy/b/n on input line 52.
)
("C:/Program Files/MiKTeX 2.9/tex/latex/tools/array.sty"
Package: array 2018/04/30 v2.4h Tabular extension package (FMi)
\col@sep=\dimen107
\ar@mcellbox=\box26
\extrarowheight=\dimen108
\NC@list=\toks17
\extratabsurround=\skip43
\backup@length=\skip44
\ar@cellbox=\box27
)
("C:/Program Files/MiKTeX 2.9/tex/latex/tools/hhline.sty"
Package: hhline 2014/10/28 v2.03 Table rule package (DPC)
)
("C:/Program Files/MiKTeX 2.9/tex/latex/fancyhdr/fancyhdr.sty"
Package: fancyhdr 2017/06/30 v3.9a Extensive control of page headers and footers

\f@nch@headwidth=\skip45
\f@nch@O@elh=\skip46
\f@nch@O@erh=\skip47
\f@nch@O@olh=\skip48
\f@nch@O@orh=\skip49
\f@nch@O@elf=\skip50
\f@nch@O@erf=\skip51
\f@nch@O@olf=\skip52
\f@nch@O@orf=\skip53
)
("C:/Program Files/MiKTeX 2.9/tex/latex/amsmath/amsmath.sty"
Package: amsmath 2017/09/02 v2.17a AMS math features
\@mathmargin=\skip54

For additional information on amsmath, use the `?' option.
("C:/Program Files/MiKTeX 2.9/tex/latex/amsmath/amstext.sty"
Package: amstext 2000/06/29 v2.01 AMS text

("C:/Program Files/MiKTeX 2.9/tex/latex/amsmath/amsgen.sty"
File: amsgen.sty 1999/11/30 v2.0 generic functions
\@emptytoks=\toks18
\ex@=\dimen109
))
("C:/Program Files/MiKTeX 2.9/tex/latex/amsmath/amsbsy.sty"
Package: amsbsy 1999/11/29 v1.2d Bold Symbols
\pmbraise@=\dimen110
)
("C:/Program Files/MiKTeX 2.9/tex/latex/amsmath/amsopn.sty"
Package: amsopn 2016/03/08 v2.02 operator names
)
\inf@bad=\count88
LaTeX Info: Redefining \frac on input line 213.
\uproot@=\count89
\leftroot@=\count90
LaTeX Info: Redefining \overline on input line 375.
\classnum@=\count91
\DOTSCASE@=\count92
LaTeX Info: Redefining \ldots on input line 472.
LaTeX Info: Redefining \dots on input line 475.
LaTeX Info: Redefining \cdots on input line 596.
\Mathstrutbox@=\box28
\strutbox@=\box29
\big@size=\dimen111
LaTeX Font Info:    Redeclaring font encoding OML on input line 712.
LaTeX Font Info:    Redeclaring font encoding OMS on input line 713.
\macc@depth=\count93
\c@MaxMatrixCols=\count94
\dotsspace@=\muskip10
\c@parentequation=\count95
\dspbrk@lvl=\count96
\tag@help=\toks19
\row@=\count97
\column@=\count98
\maxfields@=\count99
\andhelp@=\toks20
\eqnshift@=\dimen112
\alignsep@=\dimen113
\tagshift@=\dimen114
\tagwidth@=\dimen115
\totwidth@=\dimen116
\lineht@=\dimen117
\@envbody=\toks21
\multlinegap=\skip55
\multlinetaggap=\skip56
\mathdisplay@stack=\toks22
LaTeX Info: Redefining \[ on input line 2817.
LaTeX Info: Redefining \] on input line 2818.
)
("C:/Program Files/MiKTeX 2.9/tex/latex/amscls/amsthm.sty"
Package: amsthm 2017/10/31 v2.20.4
\thm@style=\toks23
\thm@bodyfont=\toks24
\thm@headfont=\toks25
\thm@notefont=\toks26
\thm@headpunct=\toks27
\thm@preskip=\skip57
\thm@postskip=\skip58
\thm@headsep=\skip59
\dth@everypar=\toks28
)
("C:/Program Files/MiKTeX 2.9/tex/latex/tools/multicol.sty"
Package: multicol 2018/04/20 v1.8s multicolumn formatting (FMi)
\c@tracingmulticols=\count100
\mult@box=\box30
\multicol@leftmargin=\dimen118
\c@unbalance=\count101
\c@collectmore=\count102
\doublecol@number=\count103
\multicoltolerance=\count104
\multicolpretolerance=\count105
\full@width=\dimen119
\page@free=\dimen120
\premulticols=\dimen121
\postmulticols=\dimen122
\multicolsep=\skip60
\multicolbaselineskip=\skip61
\partial@page=\box31
\last@line=\box32
\maxbalancingoverflow=\dimen123
\mult@rightbox=\box33
\mult@grightbox=\box34
\mult@gfirstbox=\box35
\mult@firstbox=\box36
\@tempa=\box37
\@tempa=\box38
\@tempa=\box39
\@tempa=\box40
\@tempa=\box41
\@tempa=\box42
\@tempa=\box43
\@tempa=\box44
\@tempa=\box45
\@tempa=\box46
\@tempa=\box47
\@tempa=\box48
\@tempa=\box49
\@tempa=\box50
\@tempa=\box51
\@tempa=\box52
\@tempa=\box53
\c@columnbadness=\count106
\c@finalcolumnbadness=\count107
\last@try=\dimen124
\multicolovershoot=\dimen125
\multicolundershoot=\dimen126
\mult@nat@firstbox=\box54
\colbreak@box=\box55
\mc@col@check@num=\count108
)
("C:/Program Files/MiKTeX 2.9/tex/latex/tools/longtable.sty"
Package: longtable 2014/10/28 v4.11 Multi-page Table package (DPC)
\LTleft=\skip62
\LTright=\skip63
\LTpre=\skip64
\LTpost=\skip65
\LTchunksize=\count109
\LTcapwidth=\dimen127
\LT@head=\box56
\LT@firsthead=\box57
\LT@foot=\box58
\LT@lastfoot=\box59
\LT@cols=\count110
\LT@rows=\count111
\c@LT@tables=\count112
\c@LT@chunks=\count113
\LT@p@ftn=\toks29
)
("C:/Program Files/MiKTeX 2.9/tex/latex/amsmath/amscd.sty"
Package: amscd 2017/04/14 v2.1 AMS Commutative Diagrams
\athelp@=\toks30
\minaw@=\dimen128
\bigaw@=\dimen129
\minCDarrowwidth=\dimen130
)
("C:/Program Files/MiKTeX 2.9/tex/latex/mdframed/mdframed.sty"
Package: mdframed 2013/07/01 1.9b: mdframed

("C:/Program Files/MiKTeX 2.9/tex/latex/oberdiek/kvoptions.sty"
Package: kvoptions 2016/05/16 v3.12 Key value format for package options (HO)

("C:/Program Files/MiKTeX 2.9/tex/generic/oberdiek/ltxcmds.sty"
Package: ltxcmds 2016/05/16 v1.23 LaTeX kernel commands for general use (HO)
)
("C:/Program Files/MiKTeX 2.9/tex/generic/oberdiek/kvsetkeys.sty"
Package: kvsetkeys 2016/05/16 v1.17 Key value parser (HO)

("C:/Program Files/MiKTeX 2.9/tex/generic/oberdiek/infwarerr.sty"
Package: infwarerr 2016/05/16 v1.4 Providing info/warning/error messages (HO)
)
("C:/Program Files/MiKTeX 2.9/tex/generic/oberdiek/etexcmds.sty"
Package: etexcmds 2016/05/16 v1.6 Avoid name clashes with e-TeX commands (HO)

("C:/Program Files/MiKTeX 2.9/tex/generic/oberdiek/ifluatex.sty"
Package: ifluatex 2016/05/16 v1.4 Provides the ifluatex switch (HO)
Package ifluatex Info: LuaTeX detected.
))))
("C:/Program Files/MiKTeX 2.9/tex/latex/l3packages/xparse/xparse.sty"
("C:/Program Files/MiKTeX 2.9/tex/latex/l3kernel/expl3.sty"
Package: expl3 2018-10-31 L3 programming layer (loader) 

("C:/Program Files/MiKTeX 2.9/tex/latex/l3kernel/expl3-code.tex"
Package: expl3 2018-10-31 L3 programming layer (code)
\ucharcat@table=\catcodetable5
\c_max_int=\count114
\l_tmpa_int=\count115
\l_tmpb_int=\count116
\g_tmpa_int=\count117
\g_tmpb_int=\count118
\g__kernel_prg_map_int=\count119
\c_log_iow=\count120
\l_iow_line_count_int=\count121
\l__iow_line_target_int=\count122
\l__iow_one_indent_int=\count123
\l__iow_indent_int=\count124
\c_zero_dim=\dimen131
\c_max_dim=\dimen132
\l_tmpa_dim=\dimen133
\l_tmpb_dim=\dimen134
\g_tmpa_dim=\dimen135
\g_tmpb_dim=\dimen136
\c_zero_skip=\skip66
\c_max_skip=\skip67
\l_tmpa_skip=\skip68
\l_tmpb_skip=\skip69
\g_tmpa_skip=\skip70
\g_tmpb_skip=\skip71
\c_zero_muskip=\muskip11
\c_max_muskip=\muskip12
\l_tmpa_muskip=\muskip13
\l_tmpb_muskip=\muskip14
\g_tmpa_muskip=\muskip15
\g_tmpb_muskip=\muskip16
\l_keys_choice_int=\count125
\l__intarray_loop_int=\count126
\c__intarray_sp_dim=\dimen137
\g__intarray_font_int=\count127
\c__fp_leading_shift_int=\count128
\c__fp_middle_shift_int=\count129
\c__fp_trailing_shift_int=\count130
\c__fp_big_leading_shift_int=\count131
\c__fp_big_middle_shift_int=\count132
\c__fp_big_trailing_shift_int=\count133
\c__fp_Bigg_leading_shift_int=\count134
\c__fp_Bigg_middle_shift_int=\count135
\c__fp_Bigg_trailing_shift_int=\count136
\g__fp_array_int=\count137
\l__fp_array_loop_int=\count138
\l__sort_length_int=\count139
\l__sort_min_int=\count140
\l__sort_top_int=\count141
\l__sort_max_int=\count142
\l__sort_true_max_int=\count143
\l__sort_block_int=\count144
\l__sort_begin_int=\count145
\l__sort_end_int=\count146
\l__sort_A_int=\count147
\l__sort_B_int=\count148
\l__sort_C_int=\count149
\l__tl_analysis_normal_int=\count150
\l__tl_analysis_index_int=\count151
\l__tl_analysis_nesting_int=\count152
\l__tl_analysis_type_int=\count153
\l__regex_internal_a_int=\count154
\l__regex_internal_b_int=\count155
\l__regex_internal_c_int=\count156
\l__regex_balance_int=\count157
\l__regex_group_level_int=\count158
\l__regex_mode_int=\count159
\c__regex_cs_in_class_mode_int=\count160
\c__regex_cs_mode_int=\count161
\l__regex_catcodes_int=\count162
\l__regex_default_catcodes_int=\count163
\c__regex_catcode_L_int=\count164
\c__regex_catcode_O_int=\count165
\c__regex_catcode_A_int=\count166
\c__regex_all_catcodes_int=\count167
\l__regex_show_lines_int=\count168
\l__regex_min_state_int=\count169
\l__regex_max_state_int=\count170
\l__regex_left_state_int=\count171
\l__regex_right_state_int=\count172
\l__regex_capturing_group_int=\count173
\l__regex_min_pos_int=\count174
\l__regex_max_pos_int=\count175
\l__regex_curr_pos_int=\count176
\l__regex_start_pos_int=\count177
\l__regex_success_pos_int=\count178
\l__regex_curr_char_int=\count179
\l__regex_curr_catcode_int=\count180
\l__regex_last_char_int=\count181
\l__regex_case_changed_char_int=\count182
\l__regex_curr_state_int=\count183
\l__regex_step_int=\count184
\l__regex_min_active_int=\count185
\l__regex_max_active_int=\count186
\l__regex_replacement_csnames_int=\count187
\l__regex_match_count_int=\count188
\l__regex_min_submatch_int=\count189
\l__regex_submatch_int=\count190
\l__regex_zeroth_submatch_int=\count191
\g__regex_trace_regex_int=\count192
\c_empty_box=\box60
\l_tmpa_box=\box61
\l_tmpb_box=\box62
\g_tmpa_box=\box63
\g_tmpb_box=\box64
\l__box_top_dim=\dimen138
\l__box_bottom_dim=\dimen139
\l__box_left_dim=\dimen140
\l__box_right_dim=\dimen141
\l__box_top_new_dim=\dimen142
\l__box_bottom_new_dim=\dimen143
\l__box_left_new_dim=\dimen144
\l__box_right_new_dim=\dimen145
\l__box_internal_box=\box65
\l__coffin_internal_box=\box66
\l__coffin_internal_dim=\dimen146
\l__coffin_offset_x_dim=\dimen147
\l__coffin_offset_y_dim=\dimen148
\l__coffin_x_dim=\dimen149
\l__coffin_y_dim=\dimen150
\l__coffin_x_prime_dim=\dimen151
\l__coffin_y_prime_dim=\dimen152
\c_empty_coffin=\box67
\l__coffin_aligned_coffin=\box68
\l__coffin_aligned_internal_coffin=\box69
\l_tmpa_coffin=\box70
\l_tmpb_coffin=\box71
\l__coffin_display_coffin=\box72
\l__coffin_display_coord_coffin=\box73
\l__coffin_display_pole_coffin=\box74
\l__coffin_display_offset_dim=\dimen153
\l__coffin_display_x_dim=\dimen154
\l__coffin_display_y_dim=\dimen155
\g__file_internal_ior=\read1
\l__coffin_bounding_shift_dim=\dimen156
\l__coffin_left_corner_dim=\dimen157
\l__coffin_right_corner_dim=\dimen158
\l__coffin_bottom_corner_dim=\dimen159
\l__coffin_top_corner_dim=\dimen160
\l__coffin_scaled_total_height_dim=\dimen161
\l__coffin_scaled_width_dim=\dimen162
\l__seq_internal_a_int=\count193
\l__seq_internal_b_int=\count194
)
("C:/Program Files/MiKTeX 2.9/tex/latex/l3kernel/l3pdfmode.def"
File: l3pdfmode.def 2018-10-31 v L3 Experimental driver: PDF mode
\l__driver_color_stack_int=\count195
))
Package: xparse 2018-10-17 L3 Experimental document command parser
\l__xparse_current_arg_int=\count196
\g__xparse_grabber_int=\count197
\l__xparse_m_args_int=\count198
\l__xparse_mandatory_args_int=\count199
\l__xparse_v_nesting_int=\count266
)
("C:/Program Files/MiKTeX 2.9/tex/latex/etoolbox/etoolbox.sty"
Package: etoolbox 2018/08/19 v2.5f e-TeX tools for LaTeX (JAW)
\etb@tempcnta=\count267
)
("C:/Program Files/MiKTeX 2.9/tex/latex/oberdiek/zref-abspage.sty"
Package: zref-abspage 2016/05/21 v2.26 Module abspage for zref (HO)

("C:/Program Files/MiKTeX 2.9/tex/latex/oberdiek/zref-base.sty"
Package: zref-base 2016/05/21 v2.26 Module base for zref (HO)

("C:/Program Files/MiKTeX 2.9/tex/generic/oberdiek/kvdefinekeys.sty"
Package: kvdefinekeys 2016/05/16 v1.4 Define keys (HO)
)
("C:/Program Files/MiKTeX 2.9/tex/generic/oberdiek/pdftexcmds.sty"
Package: pdftexcmds 2018/09/10 v0.29 Utility functions of pdfTeX for LuaTeX (HO)


("C:/Program Files/MiKTeX 2.9/tex/generic/oberdiek/ifpdf.sty"
Package: ifpdf 2018/09/07 v3.3 Provides the ifpdf switch
)
Package pdftexcmds Info: \pdf@primitive is available.
Package pdftexcmds Info: \pdf@ifprimitive is available.
Package pdftexcmds Info: \pdfdraftmode found.
\pdftexcmds@toks=\toks31
)
("C:/Program Files/MiKTeX 2.9/tex/latex/oberdiek/auxhook.sty"
Package: auxhook 2016/05/16 v1.4 Hooks for auxiliary files (HO)
)
Package zref Info: New property list: main on input line 759.
Package zref Info: New property: default on input line 760.
Package zref Info: New property: page on input line 761.
)
("C:/Program Files/MiKTeX 2.9/tex/generic/oberdiek/atbegshi.sty"
Package: atbegshi 2016/06/09 v1.18 At begin shipout hook (HO)
)
\c@abspage=\count268
Package zref Info: New property: abspage on input line 62.
)
("C:/Program Files/MiKTeX 2.9/tex/latex/needspace/needspace.sty"
Package: needspace 2010/09/12 v1.3d reserve vertical space
)
("C:/Program Files/MiKTeX 2.9/tex/latex/graphics/color.sty"
Package: color 2016/07/10 v1.1e Standard LaTeX Color (DPC)

("C:/Program Files/MiKTeX 2.9/tex/latex/graphics-cfg/color.cfg"
File: color.cfg 2016/01/02 v1.6 sample color configuration
)
Package color Info: Driver file: luatex.def on input line 147.
)
\mdf@templength=\skip72
\c@mdf@globalstyle@cnt=\count269
\mdf@skipabove@length=\skip73
\mdf@skipbelow@length=\skip74
\mdf@leftmargin@length=\skip75
\mdf@rightmargin@length=\skip76
\mdf@innerleftmargin@length=\skip77
\mdf@innerrightmargin@length=\skip78
\mdf@innertopmargin@length=\skip79
\mdf@innerbottommargin@length=\skip80
\mdf@splittopskip@length=\skip81
\mdf@splitbottomskip@length=\skip82
\mdf@outermargin@length=\skip83
\mdf@innermargin@length=\skip84
\mdf@linewidth@length=\skip85
\mdf@innerlinewidth@length=\skip86
\mdf@middlelinewidth@length=\skip87
\mdf@outerlinewidth@length=\skip88
\mdf@roundcorner@length=\skip89
\mdf@footenotedistance@length=\skip90
\mdf@userdefinedwidth@length=\skip91
\mdf@needspace@length=\skip92
\mdf@frametitleaboveskip@length=\skip93
\mdf@frametitlebelowskip@length=\skip94
\mdf@frametitlerulewidth@length=\skip95
\mdf@frametitleleftmargin@length=\skip96
\mdf@frametitlerightmargin@length=\skip97
\mdf@shadowsize@length=\skip98
\mdf@extratopheight@length=\skip99
\mdf@subtitleabovelinewidth@length=\skip100
\mdf@subtitlebelowlinewidth@length=\skip101
\mdf@subtitleaboveskip@length=\skip102
\mdf@subtitlebelowskip@length=\skip103
\mdf@subtitleinneraboveskip@length=\skip104
\mdf@subtitleinnerbelowskip@length=\skip105
\mdf@subsubtitleabovelinewidth@length=\skip106
\mdf@subsubtitlebelowlinewidth@length=\skip107
\mdf@subsubtitleaboveskip@length=\skip108
\mdf@subsubtitlebelowskip@length=\skip109
\mdf@subsubtitleinneraboveskip@length=\skip110
\mdf@subsubtitleinnerbelowskip@length=\skip111

("C:/Program Files/MiKTeX 2.9/tex/latex/pgf/frontendlayer/tikz.sty"
("C:/Program Files/MiKTeX 2.9/tex/latex/pgf/basiclayer/pgf.sty"
("C:/Program Files/MiKTeX 2.9/tex/latex/pgf/utilities/pgfrcs.sty"
("C:/Program Files/MiKTeX 2.9/tex/generic/pgf/utilities/pgfutil-common.tex"
\pgfutil@everybye=\toks32
\pgfutil@tempdima=\dimen163
\pgfutil@tempdimb=\dimen164

("C:/Program Files/MiKTeX 2.9/tex/generic/pgf/utilities/pgfutil-common-lists.te
x")) ("C:/Program Files/MiKTeX 2.9/tex/generic/pgf/utilities/pgfutil-latex.def"
\pgfutil@abb=\box75
("C:/Program Files/MiKTeX 2.9/tex/latex/ms/everyshi.sty"
Package: everyshi 2001/05/15 v3.00 EveryShipout Package (MS)
))
("C:/Program Files/MiKTeX 2.9/tex/generic/pgf/utilities/pgfrcs.code.tex"
Package: pgfrcs 2015/08/07 v3.0.1a (rcs-revision 1.31)
))
Package: pgf 2015/08/07 v3.0.1a (rcs-revision 1.15)

("C:/Program Files/MiKTeX 2.9/tex/latex/pgf/basiclayer/pgfcore.sty"
("C:/Program Files/MiKTeX 2.9/tex/latex/pgf/systemlayer/pgfsys.sty"
("C:/Program Files/MiKTeX 2.9/tex/generic/pgf/systemlayer/pgfsys.code.tex"
Package: pgfsys 2014/07/09 v3.0.1a (rcs-revision 1.48)

("C:/Program Files/MiKTeX 2.9/tex/generic/pgf/utilities/pgfkeys.code.tex"
\pgfkeys@pathtoks=\toks33
\pgfkeys@temptoks=\toks34

("C:/Program Files/MiKTeX 2.9/tex/generic/pgf/utilities/pgfkeysfiltered.code.te
x"
\pgfkeys@tmptoks=\toks35
))
\pgf@x=\dimen165
\pgf@y=\dimen166
\pgf@xa=\dimen167
\pgf@ya=\dimen168
\pgf@xb=\dimen169
\pgf@yb=\dimen170
\pgf@xc=\dimen171
\pgf@yc=\dimen172
\w@pgf@writea=\write3
\r@pgf@reada=\read2
\c@pgf@counta=\count270
\c@pgf@countb=\count271
\c@pgf@countc=\count272
\c@pgf@countd=\count273
\t@pgf@toka=\toks36
\t@pgf@tokb=\toks37
\t@pgf@tokc=\toks38
 ("C:/Program Files/MiKTeX 2.9/tex/generic/pgf/systemlayer/pgf.cfg"
File: pgf.cfg 2008/05/14  (rcs-revision 1.7)
)
Driver file for pgf: pgfsys-luatex.def

("C:/Program Files/MiKTeX 2.9/tex/generic/pgf/systemlayer/pgfsys-luatex.def"
File: pgfsys-luatex.def 2014/10/11  (rcs-revision 1.35)

("C:/Program Files/MiKTeX 2.9/tex/generic/pgf/systemlayer/pgfsys-common-pdf.def
"
File: pgfsys-common-pdf.def 2013/10/10  (rcs-revision 1.13)
)))
("C:/Program Files/MiKTeX 2.9/tex/generic/pgf/systemlayer/pgfsyssoftpath.code.t
ex"
File: pgfsyssoftpath.code.tex 2013/09/09  (rcs-revision 1.9)
\pgfsyssoftpath@smallbuffer@items=\count274
\pgfsyssoftpath@bigbuffer@items=\count275
)
("C:/Program Files/MiKTeX 2.9/tex/generic/pgf/systemlayer/pgfsysprotocol.code.t
ex"
File: pgfsysprotocol.code.tex 2006/10/16  (rcs-revision 1.4)
)) ("C:/Program Files/MiKTeX 2.9/tex/latex/xcolor/xcolor.sty"
Package: xcolor 2016/05/11 v2.12 LaTeX color extensions (UK)

("C:/Program Files/MiKTeX 2.9/tex/latex/graphics-cfg/color.cfg"
File: color.cfg 2016/01/02 v1.6 sample color configuration
)
Package xcolor Info: Driver file: luatex.def on input line 225.
LaTeX Info: Redefining \color on input line 709.
Package xcolor Info: Model `cmy' substituted by `cmy0' on input line 1348.
Package xcolor Info: Model `hsb' substituted by `rgb' on input line 1352.
Package xcolor Info: Model `RGB' extended on input line 1364.
Package xcolor Info: Model `HTML' substituted by `rgb' on input line 1366.
Package xcolor Info: Model `Hsb' substituted by `hsb' on input line 1367.
Package xcolor Info: Model `tHsb' substituted by `hsb' on input line 1368.
Package xcolor Info: Model `HSB' substituted by `hsb' on input line 1369.
Package xcolor Info: Model `Gray' substituted by `gray' on input line 1370.
Package xcolor Info: Model `wave' substituted by `hsb' on input line 1371.
)
("C:/Program Files/MiKTeX 2.9/tex/generic/pgf/basiclayer/pgfcore.code.tex"
Package: pgfcore 2010/04/11 v3.0.1a (rcs-revision 1.7)

("C:/Program Files/MiKTeX 2.9/tex/generic/pgf/math/pgfmath.code.tex"
("C:/Program Files/MiKTeX 2.9/tex/generic/pgf/math/pgfmathcalc.code.tex"
("C:/Program Files/MiKTeX 2.9/tex/generic/pgf/math/pgfmathutil.code.tex")
("C:/Program Files/MiKTeX 2.9/tex/generic/pgf/math/pgfmathparser.code.tex"
\pgfmath@dimen=\dimen173
\pgfmath@count=\count276
\pgfmath@box=\box76
\pgfmath@toks=\toks39
\pgfmath@stack@operand=\toks40
\pgfmath@stack@operation=\toks41
)
("C:/Program Files/MiKTeX 2.9/tex/generic/pgf/math/pgfmathfunctions.code.tex"
("C:/Program Files/MiKTeX 2.9/tex/generic/pgf/math/pgfmathfunctions.basic.code.
tex")
("C:/Program Files/MiKTeX 2.9/tex/generic/pgf/math/pgfmathfunctions.trigonometr
ic.code.tex")
("C:/Program Files/MiKTeX 2.9/tex/generic/pgf/math/pgfmathfunctions.random.code
.tex")
("C:/Program Files/MiKTeX 2.9/tex/generic/pgf/math/pgfmathfunctions.comparison.
code.tex")
("C:/Program Files/MiKTeX 2.9/tex/generic/pgf/math/pgfmathfunctions.base.code.t
ex")
("C:/Program Files/MiKTeX 2.9/tex/generic/pgf/math/pgfmathfunctions.round.code.
tex")
("C:/Program Files/MiKTeX 2.9/tex/generic/pgf/math/pgfmathfunctions.misc.code.t
ex")
("C:/Program Files/MiKTeX 2.9/tex/generic/pgf/math/pgfmathfunctions.integerarit
hmetics.code.tex")))
("C:/Program Files/MiKTeX 2.9/tex/generic/pgf/math/pgfmathfloat.code.tex"
\c@pgfmathroundto@lastzeros=\count277
))
("C:/Program Files/MiKTeX 2.9/tex/generic/pgf/basiclayer/pgfcorepoints.code.tex
"
File: pgfcorepoints.code.tex 2013/10/07  (rcs-revision 1.27)
\pgf@picminx=\dimen174
\pgf@picmaxx=\dimen175
\pgf@picminy=\dimen176
\pgf@picmaxy=\dimen177
\pgf@pathminx=\dimen178
\pgf@pathmaxx=\dimen179
\pgf@pathminy=\dimen180
\pgf@pathmaxy=\dimen181
\pgf@xx=\dimen182
\pgf@xy=\dimen183
\pgf@yx=\dimen184
\pgf@yy=\dimen185
\pgf@zx=\dimen186
\pgf@zy=\dimen187
)
("C:/Program Files/MiKTeX 2.9/tex/generic/pgf/basiclayer/pgfcorepathconstruct.c
ode.tex"
File: pgfcorepathconstruct.code.tex 2013/10/07  (rcs-revision 1.29)
\pgf@path@lastx=\dimen188
\pgf@path@lasty=\dimen189
)
("C:/Program Files/MiKTeX 2.9/tex/generic/pgf/basiclayer/pgfcorepathusage.code.
tex"
File: pgfcorepathusage.code.tex 2014/11/02  (rcs-revision 1.24)
\pgf@shorten@end@additional=\dimen190
\pgf@shorten@start@additional=\dimen191
)
("C:/Program Files/MiKTeX 2.9/tex/generic/pgf/basiclayer/pgfcorescopes.code.tex
"
File: pgfcorescopes.code.tex 2015/05/08  (rcs-revision 1.46)
\pgfpic=\box77
\pgf@hbox=\box78
\pgf@layerbox@main=\box79
\pgf@picture@serial@count=\count278
)
("C:/Program Files/MiKTeX 2.9/tex/generic/pgf/basiclayer/pgfcoregraphicstate.co
de.tex"
File: pgfcoregraphicstate.code.tex 2014/11/02  (rcs-revision 1.12)
\pgflinewidth=\dimen192
)
("C:/Program Files/MiKTeX 2.9/tex/generic/pgf/basiclayer/pgfcoretransformations
.code.tex"
File: pgfcoretransformations.code.tex 2015/08/07  (rcs-revision 1.20)
\pgf@pt@x=\dimen193
\pgf@pt@y=\dimen194
\pgf@pt@temp=\dimen195
)
("C:/Program Files/MiKTeX 2.9/tex/generic/pgf/basiclayer/pgfcorequick.code.tex"
File: pgfcorequick.code.tex 2008/10/09  (rcs-revision 1.3)
)
("C:/Program Files/MiKTeX 2.9/tex/generic/pgf/basiclayer/pgfcoreobjects.code.te
x"
File: pgfcoreobjects.code.tex 2006/10/11  (rcs-revision 1.2)
)
("C:/Program Files/MiKTeX 2.9/tex/generic/pgf/basiclayer/pgfcorepathprocessing.
code.tex"
File: pgfcorepathprocessing.code.tex 2013/09/09  (rcs-revision 1.9)
)
("C:/Program Files/MiKTeX 2.9/tex/generic/pgf/basiclayer/pgfcorearrows.code.tex
"
File: pgfcorearrows.code.tex 2015/05/14  (rcs-revision 1.43)
\pgfarrowsep=\dimen196
)
("C:/Program Files/MiKTeX 2.9/tex/generic/pgf/basiclayer/pgfcoreshade.code.tex"
File: pgfcoreshade.code.tex 2013/07/15  (rcs-revision 1.15)
\pgf@max=\dimen197
\pgf@sys@shading@range@num=\count279
) ("C:/Program Files/MiKTeX 2.9/tex/generic/pgf/basiclayer/pgfcoreimage.code.te
x"
File: pgfcoreimage.code.tex 2013/07/15  (rcs-revision 1.18)

("C:/Program Files/MiKTeX 2.9/tex/generic/pgf/basiclayer/pgfcoreexternal.code.t
ex"
File: pgfcoreexternal.code.tex 2014/07/09  (rcs-revision 1.21)
\pgfexternal@startupbox=\box80
))
("C:/Program Files/MiKTeX 2.9/tex/generic/pgf/basiclayer/pgfcorelayers.code.tex
"
File: pgfcorelayers.code.tex 2013/07/18  (rcs-revision 1.7)
)
("C:/Program Files/MiKTeX 2.9/tex/generic/pgf/basiclayer/pgfcoretransparency.co
de.tex"
File: pgfcoretransparency.code.tex 2013/09/30  (rcs-revision 1.5)
)
("C:/Program Files/MiKTeX 2.9/tex/generic/pgf/basiclayer/pgfcorepatterns.code.t
ex"
File: pgfcorepatterns.code.tex 2013/11/07  (rcs-revision 1.5)
)))
("C:/Program Files/MiKTeX 2.9/tex/generic/pgf/modules/pgfmoduleshapes.code.tex"
File: pgfmoduleshapes.code.tex 2014/03/21  (rcs-revision 1.35)
\pgfnodeparttextbox=\box81
) ("C:/Program Files/MiKTeX 2.9/tex/generic/pgf/modules/pgfmoduleplot.code.tex"
File: pgfmoduleplot.code.tex 2015/08/03  (rcs-revision 1.13)
)
("C:/Program Files/MiKTeX 2.9/tex/latex/pgf/compatibility/pgfcomp-version-0-65.
sty"
Package: pgfcomp-version-0-65 2007/07/03 v3.0.1a (rcs-revision 1.7)
\pgf@nodesepstart=\dimen198
\pgf@nodesepend=\dimen199
)
("C:/Program Files/MiKTeX 2.9/tex/latex/pgf/compatibility/pgfcomp-version-1-18.
sty"
Package: pgfcomp-version-1-18 2007/07/23 v3.0.1a (rcs-revision 1.1)
)) ("C:/Program Files/MiKTeX 2.9/tex/latex/pgf/utilities/pgffor.sty"
("C:/Program Files/MiKTeX 2.9/tex/latex/pgf/utilities/pgfkeys.sty"
("C:/Program Files/MiKTeX 2.9/tex/generic/pgf/utilities/pgfkeys.code.tex"))
("C:/Program Files/MiKTeX 2.9/tex/latex/pgf/math/pgfmath.sty"
("C:/Program Files/MiKTeX 2.9/tex/generic/pgf/math/pgfmath.code.tex"))
("C:/Program Files/MiKTeX 2.9/tex/generic/pgf/utilities/pgffor.code.tex"
Package: pgffor 2013/12/13 v3.0.1a (rcs-revision 1.25)

("C:/Program Files/MiKTeX 2.9/tex/generic/pgf/math/pgfmath.code.tex")
\pgffor@iter=\dimen256
\pgffor@skip=\dimen257
\pgffor@stack=\toks42
\pgffor@toks=\toks43
))
("C:/Program Files/MiKTeX 2.9/tex/generic/pgf/frontendlayer/tikz/tikz.code.tex"
Package: tikz 2015/08/07 v3.0.1a (rcs-revision 1.151)

("C:/Program Files/MiKTeX 2.9/tex/generic/pgf/libraries/pgflibraryplothandlers.
code.tex"
File: pgflibraryplothandlers.code.tex 2013/08/31 v3.0.1a (rcs-revision 1.20)
\pgf@plot@mark@count=\count280
\pgfplotmarksize=\dimen258
)
\tikz@lastx=\dimen259
\tikz@lasty=\dimen260
\tikz@lastxsaved=\dimen261
\tikz@lastysaved=\dimen262
\tikzleveldistance=\dimen263
\tikzsiblingdistance=\dimen264
\tikz@figbox=\box82
\tikz@figbox@bg=\box83
\tikz@tempbox=\box84
\tikz@tempbox@bg=\box85
\tikztreelevel=\count281
\tikznumberofchildren=\count282
\tikznumberofcurrentchild=\count283
\tikz@fig@count=\count284

("C:/Program Files/MiKTeX 2.9/tex/generic/pgf/modules/pgfmodulematrix.code.tex"
File: pgfmodulematrix.code.tex 2013/09/17  (rcs-revision 1.8)
\pgfmatrixcurrentrow=\count285
\pgfmatrixcurrentcolumn=\count286
\pgf@matrix@numberofcolumns=\count287
)
\tikz@expandcount=\count288

("C:/Program Files/MiKTeX 2.9/tex/generic/pgf/frontendlayer/tikz/libraries/tikz
librarytopaths.code.tex"
File: tikzlibrarytopaths.code.tex 2008/06/17 v3.0.1a (rcs-revision 1.2)
)))
("C:/Program Files/MiKTeX 2.9/tex/latex/mdframed/md-frame-1.mdf"
File: md-frame-1.mdf 2013/07/01\ 1.9b: md-frame-1
)
\mdf@frametitlebox=\box86
\mdf@footnotebox=\box87
\mdf@splitbox@one=\box88
\mdf@splitbox@two=\box89
\mdf@splitbox@save=\box90
\mdfsplitboxwidth=\skip112
\mdfsplitboxtotalwidth=\skip113
\mdfsplitboxheight=\skip114
\mdfsplitboxdepth=\skip115
\mdfsplitboxtotalheight=\skip116
\mdfframetitleboxwidth=\skip117
\mdfframetitleboxtotalwidth=\skip118
\mdfframetitleboxheight=\skip119
\mdfframetitleboxdepth=\skip120
\mdfframetitleboxtotalheight=\skip121
\mdffootnoteboxwidth=\skip122
\mdffootnoteboxtotalwidth=\skip123
\mdffootnoteboxheight=\skip124
\mdffootnoteboxdepth=\skip125
\mdffootnoteboxtotalheight=\skip126
\mdftotallinewidth=\skip127
\mdfboundingboxwidth=\skip128
\mdfboundingboxtotalwidth=\skip129
\mdfboundingboxheight=\skip130
\mdfboundingboxdepth=\skip131
\mdfboundingboxtotalheight=\skip132
\mdf@freevspace@length=\skip133
\mdf@horizontalwidthofbox@length=\skip134
\mdf@verticalmarginwhole@length=\skip135
\mdf@horizontalspaceofbox=\skip136
\mdfsubtitleheight=\skip137
\mdfsubsubtitleheight=\skip138
\c@mdfcountframes=\count289

****** mdframed patching \endmdf@trivlist

****** -- success******

\mdf@envdepth=\count290
\c@mdf@env@i=\count291
\c@mdf@env@ii=\count292
\c@mdf@zref@counter=\count293
Package zref Info: New property: mdf@pagevalue on input line 895.
)
("C:/Program Files/MiKTeX 2.9/tex/latex/caption/caption.sty"
Package: caption 2018/10/06 v3.3-154 Customizing captions (AR)

("C:/Program Files/MiKTeX 2.9/tex/latex/caption/caption3.sty"
Package: caption3 2018/09/12 v1.8c caption3 kernel (AR)
Package caption3 Info: TeX engine: e-TeX on input line 64.
\captionmargin=\dimen265
\captionmargin@=\dimen266
\captionwidth=\dimen267
\caption@tempdima=\dimen268
\caption@indent=\dimen269
\caption@parindent=\dimen270
\caption@hangindent=\dimen271
)
\c@caption@flags=\count294
\c@ContinuedFloat=\count295
Package caption Info: longtable package is loaded.

("C:/Program Files/MiKTeX 2.9/tex/latex/caption/ltcaption.sty"
Package: ltcaption 2018/08/26 v1.4-95 longtable captions (AR)
))
("C:/Program Files/MiKTeX 2.9/tex/latex/caption/subcaption.sty"
Package: subcaption 2018/05/01 v1.1-162 Sub-captions (AR)
\c@subfigure=\count296
\c@subtable=\count297
)
("C:/Program Files/MiKTeX 2.9/tex/latex/algorithm2e/algorithm2e.sty"
Package: algorithm2e 2017/07/18 v5.2 algorithms environments
\c@AlgoLine=\count298

("C:/Program Files/MiKTeX 2.9/tex/latex/base/ifthen.sty"
Package: ifthen 2014/09/29 v1.1c Standard LaTeX ifthen package (DPC)
)
\algocf@hangindent=\skip139

("C:/Program Files/MiKTeX 2.9/tex/latex/ifoddpage/ifoddpage.sty"
Package: ifoddpage 2016/04/23 v1.1 Conditionals for odd/even page detection
\c@checkoddpage=\count299
)
("C:/Program Files/MiKTeX 2.9/tex/latex/tools/xspace.sty"
Package: xspace 2014/10/28 v1.13 Space after command names (DPC,MH)
)
("C:/Program Files/MiKTeX 2.9/tex/latex/relsize/relsize.sty"
Package: relsize 2013/03/29 ver 4.1
)
\skiptotal=\skip140
\skiplinenumber=\skip141
\skiprule=\skip142
\skiphlne=\skip143
\skiptext=\skip144
\skiplength=\skip145
\algomargin=\skip146
\skipalgocfslide=\skip147
\algowidth=\dimen272
\inoutsize=\dimen273
\inoutindent=\dimen274
\interspacetitleruled=\dimen275
\interspacealgoruled=\dimen276
\interspacetitleboxruled=\dimen277
\algocf@ruledwidth=\skip148
\algocf@inoutbox=\box91
\algocf@inputbox=\box92
\AlCapSkip=\skip149
\AlCapHSkip=\skip150
\algoskipindent=\skip151
\algocf@nlbox=\box93
\algocf@hangingbox=\box94
\algocf@untilbox=\box95
\algocf@skipuntil=\skip152
\algocf@capbox=\box96
\algocf@lcaptionbox=\skip153
\algoheightruledefault=\skip154
\algoheightrule=\skip155
\algotitleheightruledefault=\skip156
\algotitleheightrule=\skip157
\c@algocfline=\count300
\c@algocfproc=\count301
\c@algocf=\count302
\algocf@algoframe=\box97
\algocf@algobox=\box98
)
("C:/Program Files/MiKTeX 2.9/tex/latex/listings/listings.sty"
\lst@mode=\count303
\lst@gtempboxa=\box99
\lst@token=\toks44
\lst@length=\count304
\lst@currlwidth=\dimen278
\lst@column=\count305
\lst@pos=\count306
\lst@lostspace=\dimen279
\lst@width=\dimen280
\lst@newlines=\count307
\lst@lineno=\count308
\lst@maxwidth=\dimen281

("C:/Program Files/MiKTeX 2.9/tex/latex/listings/lstmisc.sty"
File: lstmisc.sty 2018/09/02 1.7 (Carsten Heinz)
\c@lstnumber=\count309
\lst@skipnumbers=\count310
\lst@framebox=\box100
)
("C:/Program Files/MiKTeX 2.9/tex/latex/listings/listings.cfg"
File: listings.cfg 2018/09/02 1.7 listings configuration
))
Package: listings 2018/09/02 1.7 (Carsten Heinz)

("C:/Program Files/MiKTeX 2.9/tex/latex/tools/tabularx.sty"
Package: tabularx 2016/02/03 v2.11b `tabularx' package (DPC)
\TX@col@width=\dimen282
\TX@old@table=\dimen283
\TX@old@col=\dimen284
\TX@target=\dimen285
\TX@delta=\dimen286
\TX@cols=\count311
\TX@ftn=\toks45
)
("C:/Program Files/MiKTeX 2.9/tex/latex/multirow/multirow.sty"
Package: multirow 2018/08/03 v2.3 Span multiple rows of a table
\multirow@colwidth=\skip158
\multirow@cntb=\count312
\multirow@dima=\skip159
\bigstrutjot=\dimen287
)
("C:/Program Files/MiKTeX 2.9/tex/latex/graphics/rotating.sty"
Package: rotating 2016/08/11 v2.16d rotated objects in LaTeX
\c@r@tfl@t=\count313
\rotFPtop=\skip160
\rotFPbot=\skip161
\rot@float@box=\box101
\rot@mess@toks=\toks46
)
("C:/Program Files/MiKTeX 2.9/tex/latex/hyperref/hyperref.sty"
Package: hyperref 2018/09/30 v6.88a Hypertext links for LaTeX

("C:/Program Files/MiKTeX 2.9/tex/generic/oberdiek/hobsub-hyperref.sty"
Package: hobsub-hyperref 2016/05/16 v1.14 Bundle oberdiek, subset hyperref (HO)

("C:/Program Files/MiKTeX 2.9/tex/generic/oberdiek/hobsub-generic.sty"
Package: hobsub-generic 2016/05/16 v1.14 Bundle oberdiek, subset generic (HO)
Package: hobsub 2016/05/16 v1.14 Construct package bundles (HO)
Package hobsub Info: Skipping package `infwarerr' (already loaded).
Package hobsub Info: Skipping package `ltxcmds' (already loaded).
Package hobsub Info: Skipping package `ifluatex' (already loaded).
Package: ifvtex 2016/05/16 v1.6 Detect VTeX and its facilities (HO)
Package ifvtex Info: VTeX not detected.
Package: intcalc 2016/05/16 v1.2 Expandable calculations with integers (HO)
Package hobsub Info: Skipping package `ifpdf' (already loaded).
Package hobsub Info: Skipping package `etexcmds' (already loaded).
Package hobsub Info: Skipping package `kvsetkeys' (already loaded).
Package hobsub Info: Skipping package `kvdefinekeys' (already loaded).
Package: luatex-loader 2016/05/16 v0.6 Lua module loader (HO)

(C:/Program Files/MiKTeX 2.9/scripts/oberdiek/oberdiek.luatex.lua)
Package hobsub Info: Skipping package `pdftexcmds' (already loaded).
Package: pdfescape 2016/05/16 v1.14 Implements pdfTeX's escape features (HO)
Package: bigintcalc 2016/05/16 v1.4 Expandable calculations on big integers (HO)

Package: bitset 2016/05/16 v1.2 Handle bit-vector datatype (HO)
Package: uniquecounter 2016/05/16 v1.3 Provide unlimited unique counter (HO)
)
Package hobsub Info: Skipping package `hobsub' (already loaded).
Package: letltxmacro 2016/05/16 v1.5 Let assignment for LaTeX macros (HO)
Package: hopatch 2016/05/16 v1.3 Wrapper for package hooks (HO)
Package: xcolor-patch 2016/05/16 xcolor patch
Package: atveryend 2016/05/16 v1.9 Hooks at the very end of document (HO)
Package hobsub Info: Skipping package `atbegshi' (already loaded).
Package: refcount 2016/05/16 v3.5 Data extraction from label references (HO)
Package: hycolor 2016/05/16 v1.8 Color options for hyperref/bookmark (HO)
)
("C:/Program Files/MiKTeX 2.9/tex/generic/ifxetex/ifxetex.sty"
Package: ifxetex 2010/09/12 v0.6 Provides ifxetex conditional
)
\@linkdim=\dimen288
\Hy@linkcounter=\count314
\Hy@pagecounter=\count315

("C:/Program Files/MiKTeX 2.9/tex/latex/hyperref/pd1enc.def"
File: pd1enc.def 2018/09/30 v6.88a Hyperref: PDFDocEncoding definition (HO)
)
\Hy@SavedSpaceFactor=\count316

("C:/Program Files/MiKTeX 2.9/tex/latex/00miktex/hyperref.cfg"
File: hyperref.cfg 2002/06/06 v1.2 hyperref configuration of TeXLive
)
Package hyperref Info: Option `unicode' set `true' on input line 4409.

("C:/Program Files/MiKTeX 2.9/tex/latex/hyperref/puenc.def"
File: puenc.def 2018/09/30 v6.88a Hyperref: PDF Unicode definition (HO)
)
Package hyperref Info: Hyper figures OFF on input line 4535.
Package hyperref Info: Link nesting OFF on input line 4540.
Package hyperref Info: Hyper index ON on input line 4543.
Package hyperref Info: Plain pages OFF on input line 4550.
Package hyperref Info: Backreferencing OFF on input line 4555.
Package hyperref Info: Implicit mode ON; LaTeX internals redefined.
Package hyperref Info: Bookmarks ON on input line 4788.
\c@Hy@tempcnt=\count317

("C:/Program Files/MiKTeX 2.9/tex/latex/url/url.sty"
\Urlmuskip=\muskip17
Package: url 2013/09/16  ver 3.4  Verb mode for urls, etc.
)
LaTeX Info: Redefining \url on input line 5141.
\XeTeXLinkMargin=\dimen289
\Fld@menulength=\count318
\Field@Width=\dimen290
\Fld@charsize=\dimen291
Package hyperref Info: Hyper figures OFF on input line 6396.
Package hyperref Info: Link nesting OFF on input line 6401.
Package hyperref Info: Hyper index ON on input line 6404.
Package hyperref Info: backreferencing OFF on input line 6411.
Package hyperref Info: Link coloring OFF on input line 6416.
Package hyperref Info: Link coloring with OCG OFF on input line 6421.
Package hyperref Info: PDF/A mode OFF on input line 6426.
LaTeX Info: Redefining \ref on input line 6466.
LaTeX Info: Redefining \pageref on input line 6470.
\Hy@abspage=\count319
\c@Item=\count320
\c@Hfootnote=\count321
)
Package hyperref Info: Driver (autodetected): hluatex.

("C:/Program Files/MiKTeX 2.9/tex/latex/hyperref/hluatex.def"
File: hluatex.def 2018/09/30 v6.88a Hyperref driver for luaTeX
\Fld@listcount=\count322
\c@bookmark@seq@number=\count323

("C:/Program Files/MiKTeX 2.9/tex/latex/oberdiek/rerunfilecheck.sty"
Package: rerunfilecheck 2016/05/16 v1.8 Rerun checks for auxiliary files (HO)
Package uniquecounter Info: New unique counter `rerunfilecheck' on input line 28
2.
)
\Hy@SectionHShift=\skip162
)
Package hyperref Info: Option `colorlinks' set `true' on input line 31.
\c@theorem=\count324
\c@property=\count325
\c@proposition=\count326
\c@subsubsubsection=\count327

("C:/Program Files/MiKTeX 2.9/tex/generic/pgf/frontendlayer/tikz/libraries/tikz
librarycalc.code.tex"
File: tikzlibrarycalc.code.tex 2013/07/15 v3.0.1a (rcs-revision 1.9)
)
("C:/Program Files/MiKTeX 2.9/tex/latex/listings/lstlang1.sty"
File: lstlang1.sty 2018/09/02 1.7 listings language file
)
("C:/Program Files/MiKTeX 2.9/tex/latex/listings/lstlang1.sty"
File: lstlang1.sty 2018/09/02 1.7 listings language file
)
("C:/Program Files/MiKTeX 2.9/tex/latex/listings/lstmisc.sty"
File: lstmisc.sty 2018/09/02 1.7 (Carsten Heinz)
)
("C:/Program Files/MiKTeX 2.9/tex/latex/tools/verbatim.sty"
Package: verbatim 2014/10/28 v1.5q LaTeX2e package for verbatim enhancements
\every@verbatim=\toks47
\verbatim@line=\toks48
\verbatim@in@stream=\read3
) (./Report.aux

LaTeX Warning: Label `sqlite' multiply defined.


LaTeX Warning: Label `sqlite' multiply defined.

)
\openout1 = Report.aux

LaTeX Font Info:    Checking defaults for OML/cmm/m/it on input line 133.
LaTeX Font Info:    ... okay on input line 133.
LaTeX Font Info:    Checking defaults for T1/cmr/m/n on input line 133.
LaTeX Font Info:    ... okay on input line 133.
LaTeX Font Info:    Checking defaults for OT1/cmr/m/n on input line 133.
LaTeX Font Info:    ... okay on input line 133.
LaTeX Font Info:    Checking defaults for OMS/cmsy/m/n on input line 133.
LaTeX Font Info:    ... okay on input line 133.
LaTeX Font Info:    Checking defaults for TU/lmr/m/n on input line 133.
LaTeX Font Info:    ... okay on input line 133.
LaTeX Font Info:    Checking defaults for OMX/cmex/m/n on input line 133.
LaTeX Font Info:    ... okay on input line 133.
LaTeX Font Info:    Checking defaults for U/cmr/m/n on input line 133.
LaTeX Font Info:    ... okay on input line 133.
LaTeX Font Info:    Checking defaults for PD1/pdf/m/n on input line 133.
LaTeX Font Info:    ... okay on input line 133.
LaTeX Font Info:    Checking defaults for PU/pdf/m/n on input line 133.
LaTeX Font Info:    ... okay on input line 133.
 ("C:/Program Files/MiKTeX 2.9/tex/context/base/supp-pdf.mkii"
[Loading MPS to PDF converter (version 2006.09.02).]
\scratchcounter=\count328
\scratchdimen=\dimen292
\scratchbox=\box102
\nofMPsegments=\count329
\nofMParguments=\count330
\everyMPshowfont=\toks49
\MPscratchCnt=\count331
\MPscratchDim=\dimen293
\MPnumerator=\count332
\makeMPintoPDFobject=\count333
\everyMPtoPDFconversion=\toks50
) ("C:/Program Files/MiKTeX 2.9/tex/latex/oberdiek/epstopdf-base.sty"
Package: epstopdf-base 2016/05/15 v2.6 Base part for package epstopdf

("C:/Program Files/MiKTeX 2.9/tex/latex/oberdiek/grfext.sty"
Package: grfext 2016/05/16 v1.2 Manage graphics extensions (HO)
)
Package epstopdf-base Info: Redefining graphics rule for `.eps' on input line 43
8.
Package grfext Info: Graphics extension search list:
(grfext)             [.pdf,.png,.jpg,.mps,.jpeg,.jbig2,.jb2,.PDF,.PNG,.JPG,.JPEG
,.JBIG2,.JB2,.eps]
(grfext)             \AppendGraphicsExtensions on input line 456.
)
\AtBeginShipoutBox=\box103

ABD: EveryShipout initializing macros
Package caption Info: Begin \AtBeginDocument code.
Package caption Info: hyperref package is loaded.
Package caption Info: listings package is loaded.
Package caption Info: rotating package is loaded.
Package caption Info: End \AtBeginDocument code.
\c@lstlisting=\count334
Package hyperref Info: Link coloring ON on input line 133.

("C:/Program Files/MiKTeX 2.9/tex/latex/hyperref/nameref.sty"
Package: nameref 2016/05/21 v2.44 Cross-referencing by name of section

("C:/Program Files/MiKTeX 2.9/tex/generic/oberdiek/gettitlestring.sty"
Package: gettitlestring 2016/05/16 v1.5 Cleanup title references (HO)
)
\c@section@level=\count335
)
LaTeX Info: Redefining \ref on input line 133.
LaTeX Info: Redefining \pageref on input line 133.
LaTeX Info: Redefining \nameref on input line 133.

(./Report.out) (./Report.out)
\@outlinefile=\write4

\openout4 = Report.out
<Images/LogoBK.jpg, id=29, 654.445pt x 663.47874pt>
File: Images/LogoBK.jpg Graphic file (type jpg)
<use Images/LogoBK.jpg>
Package luatex.def Info: Images/LogoBK.jpg  used on input line 153.
(luatex.def)             Requested size: 102.43008pt x 103.8404pt.
LaTeX Font Info:    Try loading font information for U+lasy on input line 161.

("C:/Program Files/MiKTeX 2.9/tex/latex/base/ulasy.fd"
File: ulasy.fd 1998/08/17 v2.2e LaTeX symbol font definitions
) [1

{C:/Users/hienn/AppData/Local/MiKTeX/2.9/pdftex/config/pdftex.map}<./Images/Logo
BK.jpg>]
(./Report.toc)
\tf@toc=\write5

\openout5 = Report.toc

warning  (pdf backend): ignoring duplicate destination with the name 'page.1'
[1]
File: Images/LogoBK.jpg Graphic file (type jpg)
<use Images/LogoBK.jpg>
Package luatex.def Info: Images/LogoBK.jpg  used on input line 231.
(luatex.def)             Requested size: 22.75812pt x 22.75842pt.
LaTeX Font Info:    Font shape `TU/lmtt/bx/n' in size <10> not available
(Font)              Font shape `TU/lmtt/b/n' tried instead on input line 231.
 [2]
File: Images/LogoBK.jpg Graphic file (type jpg)
<use Images/LogoBK.jpg>
Package luatex.def Info: Images/LogoBK.jpg  used on input line 243.
(luatex.def)             Requested size: 22.75812pt x 22.75842pt.
 [3
warning  (pdf backend): ignoring duplicate destination with the name 'cite.sqlit
e'

warning  (pdf backend): ignoring duplicate destination with the name 'cite.sqlit
e'
]
Package atveryend Info: Empty hook `BeforeClearDocument' on input line 243.
Package atveryend Info: Empty hook `AfterLastShipout' on input line 243.
 (./Report.aux)
Package atveryend Info: Executing hook `AtVeryEndDocument' on input line 243.
Package atveryend Info: Executing hook `AtEndAfterFileList' on input line 243.
Package rerunfilecheck Info: File `Report.out' has not changed.
(rerunfilecheck)             Checksum: D552B0BB4554211920EF35BFB2EB77CB;963.


LaTeX Warning: There were multiply-defined labels.

)

Here is how much of LuaTeX's memory you used:
 33720 strings out of 494407
 100000,953878 words of node,token memory allocated
 841 words of node memory still in use:
   6 hlist, 2 vlist, 2 rule, 2 glue, 4 kern, 1 glyph, 7 attribute, 123 glue_spec
, 7 attribute_list, 1 write nodes
   avail lists: 1:4,2:409,3:102,4:55,5:157,6:27,7:2390,8:55,9:134,10:20,11:3
 36896 multiletter control sequences out of 65536+200000
 54 fonts using 8249039 bytes
 67i,24n,65p,839b,472s stack positions out of 5000i,500n,10000p,200000b,50000s
<c:/program files/miktex 2.9/fonts/opentype/public/lm/lmmono10-regular.otf><c:/p
rogram files/miktex 2.9/fonts/opentype/public/lm/lmmono8-regular.otf><c:/program
 files/miktex 2.9/fonts/opentype/public/lm/lmmonolt10-bold.otf><c:/program files
/miktex 2.9/fonts/opentype/public/lm/lmroman10-bold.otf><c:/program files/miktex
 2.9/fonts/opentype/public/lm/lmroman8-regular.otf><c:/program files/miktex 2.9/
fonts/opentype/public/lm/lmroman10-regular.otf><c:/program files/miktex 2.9/font
s/opentype/public/lm/lmroman12-bold.otf><c:/program files/miktex 2.9/fonts/opent
ype/public/lm/lmroman12-regular.otf><C:/Program Files/MiKTeX 2.9/fonts/type1/pub
lic/amsfonts/cm/cmmi10.pfb><C:/Program Files/MiKTeX 2.9/fonts/type1/public/amsfo
nts/cm/cmr7.pfb>
Output written on Report.pdf (4 pages, 165129 bytes).

PDF statistics: 134 PDF objects out of 1000 (max. 8388607)
 16 named destinations out of 1000 (max. 131072)
 64 words of extra memory for PDF output out of 10000 (max. 100000000)

